0 info it worked if it ends with ok
1 verbose cli [ '/usr/bin/nodejs',
1 verbose cli   '/usr/bin/npm',
1 verbose cli   'install',
1 verbose cli   'gulp-compass',
1 verbose cli   '--global' ]
2 info using npm@1.4.21
3 info using node@v0.10.25
4 verbose cache add [ 'gulp-compass', null ]
5 verbose cache add name=undefined spec="gulp-compass" args=["gulp-compass",null]
6 verbose parsed url { protocol: null,
6 verbose parsed url   slashes: null,
6 verbose parsed url   auth: null,
6 verbose parsed url   host: null,
6 verbose parsed url   port: null,
6 verbose parsed url   hostname: null,
6 verbose parsed url   hash: null,
6 verbose parsed url   search: null,
6 verbose parsed url   query: null,
6 verbose parsed url   pathname: 'gulp-compass',
6 verbose parsed url   path: 'gulp-compass',
6 verbose parsed url   href: 'gulp-compass' }
7 silly lockFile 9d014d50-gulp-compass gulp-compass
8 verbose lock gulp-compass /home/lukepolo/.npm/9d014d50-gulp-compass.lock
9 silly lockFile 9d014d50-gulp-compass gulp-compass
10 silly lockFile 9d014d50-gulp-compass gulp-compass
11 verbose addNamed [ 'gulp-compass', '' ]
12 verbose addNamed [ null, '*' ]
13 silly lockFile 77f48923-gulp-compass gulp-compass@
14 verbose lock gulp-compass@ /home/lukepolo/.npm/77f48923-gulp-compass.lock
15 silly addNameRange { name: 'gulp-compass', range: '*', hasData: false }
16 verbose request where is /gulp-compass
17 verbose request registry https://registry.npmjs.org/
18 verbose request id c8bb5848ea88b624
19 verbose url raw /gulp-compass
20 verbose url resolving [ 'https://registry.npmjs.org/', './gulp-compass' ]
21 verbose url resolved https://registry.npmjs.org/gulp-compass
22 verbose request where is https://registry.npmjs.org/gulp-compass
23 info trying registry request attempt 1 at 12:48:14
24 http GET https://registry.npmjs.org/gulp-compass
25 http 200 https://registry.npmjs.org/gulp-compass
26 silly registry.get cb [ 200,
26 silly registry.get   { date: 'Sun, 08 Mar 2015 16:48:14 GMT',
26 silly registry.get     server: 'CouchDB/1.6.1 (Erlang OTP/R14B04)',
26 silly registry.get     etag: '"2XK68R2FABX91RBFTPRETNKV3"',
26 silly registry.get     'content-type': 'application/json',
26 silly registry.get     'cache-control': 'max-age=60',
26 silly registry.get     'content-length': '50934',
26 silly registry.get     'accept-ranges': 'bytes',
26 silly registry.get     via: '1.1 varnish',
26 silly registry.get     age: '0',
26 silly registry.get     'x-served-by': 'cache-iad2122-IAD',
26 silly registry.get     'x-cache': 'MISS',
26 silly registry.get     'x-cache-hits': '0',
26 silly registry.get     'x-timer': 'S1425833294.272128,VS0,VE80',
26 silly registry.get     vary: 'Accept',
26 silly registry.get     'keep-alive': 'timeout=10, max=50',
26 silly registry.get     connection: 'Keep-Alive' } ]
27 silly addNameRange number 2 { name: 'gulp-compass', range: '*', hasData: true }
28 silly addNameRange versions [ 'gulp-compass',
28 silly addNameRange   [ '0.0.1',
28 silly addNameRange     '0.0.2',
28 silly addNameRange     '0.0.3',
28 silly addNameRange     '0.0.4',
28 silly addNameRange     '0.0.5',
28 silly addNameRange     '0.0.6',
28 silly addNameRange     '1.0.0',
28 silly addNameRange     '1.0.1',
28 silly addNameRange     '1.0.2',
28 silly addNameRange     '1.0.3',
28 silly addNameRange     '1.0.4',
28 silly addNameRange     '1.0.5',
28 silly addNameRange     '1.0.6',
28 silly addNameRange     '1.0.7',
28 silly addNameRange     '1.0.8',
28 silly addNameRange     '1.0.9',
28 silly addNameRange     '1.1.0',
28 silly addNameRange     '1.1.1',
28 silly addNameRange     '1.1.2',
28 silly addNameRange     '1.1.3',
28 silly addNameRange     '1.1.4',
28 silly addNameRange     '1.1.5',
28 silly addNameRange     '1.1.6',
28 silly addNameRange     '1.1.7',
28 silly addNameRange     '1.1.8',
28 silly addNameRange     '1.1.9',
28 silly addNameRange     '1.2.0',
28 silly addNameRange     '1.3.0',
28 silly addNameRange     '1.3.1',
28 silly addNameRange     '1.3.2',
28 silly addNameRange     '1.3.3',
28 silly addNameRange     '2.0.0',
28 silly addNameRange     '2.0.1',
28 silly addNameRange     '2.0.2',
28 silly addNameRange     '2.0.3' ] ]
29 verbose addNamed [ 'gulp-compass', '2.0.3' ]
30 verbose addNamed [ '2.0.3', '2.0.3' ]
31 silly lockFile 2f041c41-gulp-compass-2-0-3 gulp-compass@2.0.3
32 verbose lock gulp-compass@2.0.3 /home/lukepolo/.npm/2f041c41-gulp-compass-2-0-3.lock
33 silly lockFile 445a551c-p-compass-gulp-compass-2-0-3-tgz https://registry.npmjs.org/gulp-compass/-/gulp-compass-2.0.3.tgz
34 verbose lock https://registry.npmjs.org/gulp-compass/-/gulp-compass-2.0.3.tgz /home/lukepolo/.npm/445a551c-p-compass-gulp-compass-2-0-3-tgz.lock
35 verbose addRemoteTarball [ 'https://registry.npmjs.org/gulp-compass/-/gulp-compass-2.0.3.tgz',
35 verbose addRemoteTarball   '191f21ec4dc43ea45a2f01960604db5a37247f63' ]
36 info retry fetch attempt 1 at 12:48:14
37 verbose fetch to= /tmp/npm-5699-5KaFTTN5/registry.npmjs.org/gulp-compass/-/gulp-compass-2.0.3.tgz
38 http GET https://registry.npmjs.org/gulp-compass/-/gulp-compass-2.0.3.tgz
39 http 200 https://registry.npmjs.org/gulp-compass/-/gulp-compass-2.0.3.tgz
40 silly lockFile 445a551c-p-compass-gulp-compass-2-0-3-tgz https://registry.npmjs.org/gulp-compass/-/gulp-compass-2.0.3.tgz
41 silly lockFile 445a551c-p-compass-gulp-compass-2-0-3-tgz https://registry.npmjs.org/gulp-compass/-/gulp-compass-2.0.3.tgz
42 silly lockFile 2f041c41-gulp-compass-2-0-3 gulp-compass@2.0.3
43 silly lockFile 2f041c41-gulp-compass-2-0-3 gulp-compass@2.0.3
44 silly lockFile 77f48923-gulp-compass gulp-compass@
45 silly lockFile 77f48923-gulp-compass gulp-compass@
46 silly resolved [ { name: 'gulp-compass',
46 silly resolved     version: '2.0.3',
46 silly resolved     description: 'Compile Compass files',
46 silly resolved     main: 'index.js',
46 silly resolved     repository:
46 silly resolved      { type: 'git',
46 silly resolved        url: 'git://github.com/appleboy/gulp-compass.git' },
46 silly resolved     keywords:
46 silly resolved      [ 'gulp',
46 silly resolved        'gulpplugin',
46 silly resolved        'compass',
46 silly resolved        'scss',
46 silly resolved        'sass',
46 silly resolved        'css',
46 silly resolved        'compile',
46 silly resolved        'preprocessor',
46 silly resolved        'style' ],
46 silly resolved     author: { name: 'Bo-Yi Wu' },
46 silly resolved     licenses: [ [Object] ],
46 silly resolved     bugs: { url: 'https://github.com/appleboy/gulp-compass/issues' },
46 silly resolved     homepage: 'https://github.com/appleboy/gulp-compass',
46 silly resolved     dependencies: { 'gulp-util': '^3.0.1', through2: '^0.6.3', which: '^1.0.5' },
46 silly resolved     devDependencies:
46 silly resolved      { del: '^0.1.3',
46 silly resolved        gulp: '^3.8.10',
46 silly resolved        'gulp-jshint': '^1.9.0',
46 silly resolved        'gulp-mocha': '^1.1.2',
46 silly resolved        'iconv-lite': '^0.4.5',
46 silly resolved        'jshint-stylish': '^1.0.0',
46 silly resolved        'map-stream': '0.0.5',
46 silly resolved        mocha: '^2.0.1',
46 silly resolved        should: '^4.3.0' },
46 silly resolved     engines: { node: '>=0.10.0' },
46 silly resolved     scripts: { test: 'gulp' },
46 silly resolved     gitHead: '579080333186f1f78335491d10e049401f15a10d',
46 silly resolved     _id: 'gulp-compass@2.0.3',
46 silly resolved     _shasum: '191f21ec4dc43ea45a2f01960604db5a37247f63',
46 silly resolved     _from: 'gulp-compass@',
46 silly resolved     _npmVersion: '1.4.28',
46 silly resolved     _npmUser: { name: 'appleboy', email: 'appleboy.tw@gmail.com' },
46 silly resolved     maintainers: [ [Object] ],
46 silly resolved     dist:
46 silly resolved      { shasum: '191f21ec4dc43ea45a2f01960604db5a37247f63',
46 silly resolved        tarball: 'http://registry.npmjs.org/gulp-compass/-/gulp-compass-2.0.3.tgz' },
46 silly resolved     directories: {},
46 silly resolved     _resolved: 'https://registry.npmjs.org/gulp-compass/-/gulp-compass-2.0.3.tgz' } ]
47 info install gulp-compass@2.0.3 into /usr/local/lib
48 info installOne gulp-compass@2.0.3
49 verbose lib/node_modules/gulp-compass unbuild
50 verbose tar unpack /home/lukepolo/.npm/gulp-compass/2.0.3/package.tgz
51 silly lockFile f250d3ec-al-lib-node-modules-gulp-compass tar:///usr/local/lib/node_modules/gulp-compass
52 verbose lock tar:///usr/local/lib/node_modules/gulp-compass /home/lukepolo/.npm/f250d3ec-al-lib-node-modules-gulp-compass.lock
53 silly lockFile f9e2c984-m-gulp-compass-2-0-3-package-tgz tar:///home/lukepolo/.npm/gulp-compass/2.0.3/package.tgz
54 verbose lock tar:///home/lukepolo/.npm/gulp-compass/2.0.3/package.tgz /home/lukepolo/.npm/f9e2c984-m-gulp-compass-2-0-3-package-tgz.lock
55 silly gunzTarPerm modes [ '775', '664' ]
56 error Error: EACCES, mkdir '/usr/local/lib/node_modules/gulp-compass'
56 error  { [Error: EACCES, mkdir '/usr/local/lib/node_modules/gulp-compass']
56 error   errno: 3,
56 error   code: 'EACCES',
56 error   path: '/usr/local/lib/node_modules/gulp-compass',
56 error   fstream_type: 'Directory',
56 error   fstream_path: '/usr/local/lib/node_modules/gulp-compass',
56 error   fstream_class: 'DirWriter',
56 error   fstream_stack:
56 error    [ '/usr/lib/nodejs/fstream/lib/dir-writer.js:36:23',
56 error      '/usr/lib/nodejs/mkdirp/index.js:37:53',
56 error      'Object.oncomplete (fs.js:107:15)' ] }
57 error Please try running this command again as root/Administrator.
58 error System Linux 3.16.0-28-generic
59 error command "/usr/bin/nodejs" "/usr/bin/npm" "install" "gulp-compass" "--global"
60 error cwd /home/lukepolo/html/dev/switchblade/luke
61 error node -v v0.10.25
62 error npm -v 1.4.21
63 error path /usr/local/lib/node_modules/gulp-compass
64 error fstream_path /usr/local/lib/node_modules/gulp-compass
65 error fstream_type Directory
66 error fstream_class DirWriter
67 error code EACCES
68 error errno 3
69 error stack Error: EACCES, mkdir '/usr/local/lib/node_modules/gulp-compass'
70 error fstream_stack /usr/lib/nodejs/fstream/lib/dir-writer.js:36:23
70 error fstream_stack /usr/lib/nodejs/mkdirp/index.js:37:53
70 error fstream_stack Object.oncomplete (fs.js:107:15)
71 verbose exit [ 3, true ]
