0 info it worked if it ends with ok
1 verbose cli [ '/usr/local/bin/node',
1 verbose cli   '/usr/local/bin/npm',
1 verbose cli   'remove',
1 verbose cli   'webshot' ]
2 info using npm@1.4.28
3 info using node@v0.10.33
4 verbose node_modules/webshot unbuild
5 info preuninstall webshot@0.15.3
6 info uninstall webshot@0.15.3
7 verbose true,/home/lpolicin/html/dev/switchblade/fuel/packages/nodejs/app/node_modules,/home/lpolicin/html/dev/switchblade/fuel/packages/nodejs/app/node_modules unbuild webshot@0.15.3
8 info postuninstall webshot@0.15.3
9 error Error: EACCES, unlink '/home/lpolicin/html/dev/switchblade/fuel/packages/nodejs/app/node_modules/webshot/node_modules/phantomjs/node_modules/npmconf/node_modules/.bin/mkdirp'
9 error  { [Error: EACCES, unlink '/home/lpolicin/html/dev/switchblade/fuel/packages/nodejs/app/node_modules/webshot/node_modules/phantomjs/node_modules/npmconf/node_modules/.bin/mkdirp']
9 error   errno: 3,
9 error   code: 'EACCES',
9 error   path: '/home/lpolicin/html/dev/switchblade/fuel/packages/nodejs/app/node_modules/webshot/node_modules/phantomjs/node_modules/npmconf/node_modules/.bin/mkdirp' }
10 error Please try running this command again as root/Administrator.
11 error System Linux 2.6.32-279.el6.x86_64
12 error command "/usr/local/bin/node" "/usr/local/bin/npm" "remove" "webshot"
13 error cwd /home/lpolicin/html/dev/switchblade/fuel/packages/nodejs/app
14 error node -v v0.10.33
15 error npm -v 1.4.28
16 error path /home/lpolicin/html/dev/switchblade/fuel/packages/nodejs/app/node_modules/webshot/node_modules/phantomjs/node_modules/npmconf/node_modules/.bin/mkdirp
17 error code EACCES
18 error errno 3
19 error stack Error: EACCES, unlink '/home/lpolicin/html/dev/switchblade/fuel/packages/nodejs/app/node_modules/webshot/node_modules/phantomjs/node_modules/npmconf/node_modules/.bin/mkdirp'
20 verbose exit [ 3, true ]
